<?xml version="1.0" encoding="UTF-8"?>
<testsuite name="com.skysanner.runners.TestRunner" time="103.806" tests="3" errors="2" skipped="0" failures="0">
  <properties>
[...]
</properties>
  <testcase name="Search a flight and select a specific flight filter #3" classname="Validate all flighbooking feature" time="29.438"/>
  <testcase name="Search a flight and select a specific flight filter #4" classname="Validate all flighbooking feature" time="44.27">
    <error message="Expected condition failed: waiting for visibility of element located by By.xpath: //span[@title=&apos;Indigo&apos;]/ancestor::label (tried for 20 second(s) with 500 milliseconds interval)&#10;Build info: version: &apos;4.3.0&apos;, revision: &apos;a4995e2c09*&apos;&#10;System info: host: &apos;DESKTOP-CU29AV1&apos;, ip: &apos;192.168.137.1&apos;, os.name: &apos;Windows 10&apos;, os.arch: &apos;amd64&apos;, os.version: &apos;10.0&apos;, java.version: &apos;19.0.1&apos;&#10;Driver info: org.openqa.selenium.chrome.ChromeDriver&#10;Capabilities {acceptInsecureCerts: false, browserName: chrome, browserVersion: 108.0.5359.126, chrome: {chromedriverVersion: 108.0.5359.71 (1e0e3868ee06..., userDataDir: C:\Users\HP\AppData\Local\T...}, goog:chromeOptions: {debuggerAddress: localhost:58018}, networkConnectionEnabled: false, pageLoadStrategy: normal, platformName: WINDOWS, proxy: Proxy(), se:cdp: ws://localhost:58018/devtoo..., se:cdpVersion: 108.0.5359.126, setWindowRect: true, strictFileInteractability: false, timeouts: {implicit: 0, pageLoad: 300000, script: 30000}, unhandledPromptBehavior: dismiss and notify, webauthn:extension:credBlob: true, webauthn:extension:largeBlob: true, webauthn:virtualAuthenticators: true}&#10;Session ID: 0a574f39262f8beaf99200e8905b17e4" type="org.openqa.selenium.TimeoutException">org.openqa.selenium.TimeoutException: Expected condition failed: waiting for visibility of element located by By.xpath: //span[@title='Indigo']/ancestor::label (tried for 20 second(s) with 500 milliseconds interval)
Build info: version: '4.3.0', revision: 'a4995e2c09*'
System info: host: 'DESKTOP-CU29AV1', ip: '192.168.137.1', os.name: 'Windows 10', os.arch: 'amd64', os.version: '10.0', java.version: '19.0.1'
Driver info: org.openqa.selenium.chrome.ChromeDriver
Capabilities {acceptInsecureCerts: false, browserName: chrome, browserVersion: 108.0.5359.126, chrome: {chromedriverVersion: 108.0.5359.71 (1e0e3868ee06..., userDataDir: C:\Users\HP\AppData\Local\T...}, goog:chromeOptions: {debuggerAddress: localhost:58018}, networkConnectionEnabled: false, pageLoadStrategy: normal, platformName: WINDOWS, proxy: Proxy(), se:cdp: ws://localhost:58018/devtoo..., se:cdpVersion: 108.0.5359.126, setWindowRect: true, strictFileInteractability: false, timeouts: {implicit: 0, pageLoad: 300000, script: 30000}, unhandledPromptBehavior: dismiss and notify, webauthn:extension:credBlob: true, webauthn:extension:largeBlob: true, webauthn:virtualAuthenticators: true}
Session ID: 0a574f39262f8beaf99200e8905b17e4
	at org.openqa.selenium.support.ui.WebDriverWait.timeoutException(WebDriverWait.java:87)
	at org.openqa.selenium.support.ui.FluentWait.until(FluentWait.java:231)
	at com.skyscanner.pages.FlightsResultsPage.selectFlightName(FlightsResultsPage.java:27)
	at com.skyscanner.stepDefinitions.Bookflight.user_should_see_the_flight_result_page_and_select_flight_filter(Bookflight.java:52)
	at ✽.user should see the flight result page and select flight filter "Indigo"(file:///D:/WorkSpace/CUCUMBERSKYSCANNER/Features/Bookflight.feature:46)
</error>
    <system-err><![CDATA[Starting ChromeDriver 108.0.5359.71 (1e0e3868ee06e91ad636a874420e3ca3ae3756ac-refs/branch-heads/5359@{#1016}) on port 59150
Only local connections are allowed.
Please see https://chromedriver.chromium.org/security-considerations for suggestions on keeping ChromeDriver safe.
ChromeDriver was started successfully.
Jan 15, 2023 9:57:25 PM org.openqa.selenium.remote.ProtocolHandshake createSession
INFO: Detected upstream dialect: W3C
Jan 15, 2023 9:57:25 PM org.openqa.selenium.devtools.CdpVersionFinder findNearestMatch
WARNING: Unable to find an exact match for CDP version 108, so returning the closest version found: a no-op implementation
Jan 15, 2023 9:57:25 PM org.openqa.selenium.devtools.CdpVersionFinder findNearestMatch
INFO: Unable to find CDP implementation matching 108.
Jan 15, 2023 9:57:25 PM org.openqa.selenium.chromium.ChromiumDriver lambda$new$3
WARNING: Unable to find version of CDP to use for . You may need to include a dependency on a specific version of the CDP using something similar to `org.seleniumhq.selenium:selenium-devtools-v86:4.3.0` where the version ("v86") matches the version of the chromium-based browser you're using and the version number of the artifact is the same as Selenium's.
]]></system-err>
  </testcase>
  <testcase name="Search a flight and select a specific flight filter #5" classname="Validate all flighbooking feature" time="30.098">
    <error message="element click intercepted: Element &lt;label class=&quot;makeFlex spaceBetween appendBottom12 pointer &quot;&gt;...&lt;/label&gt; is not clickable at point (187, 349). Other element would receive the click: &lt;p class=&quot;overlayBg&quot;&gt;&lt;/p&gt;&#10;  (Session info: chrome=108.0.5359.126)&#10;Build info: version: &apos;4.3.0&apos;, revision: &apos;a4995e2c09*&apos;&#10;System info: host: &apos;DESKTOP-CU29AV1&apos;, ip: &apos;192.168.137.1&apos;, os.name: &apos;Windows 10&apos;, os.arch: &apos;amd64&apos;, os.version: &apos;10.0&apos;, java.version: &apos;19.0.1&apos;&#10;Driver info: org.openqa.selenium.chrome.ChromeDriver&#10;Command: [a9d45d690fa0c0314240f65cf525e137, clickElement {id=136fe275-d097-4c4d-a940-ba66b2ea9167}]&#10;Capabilities {acceptInsecureCerts: false, browserName: chrome, browserVersion: 108.0.5359.126, chrome: {chromedriverVersion: 108.0.5359.71 (1e0e3868ee06..., userDataDir: C:\Users\HP\AppData\Local\T...}, goog:chromeOptions: {debuggerAddress: localhost:58192}, networkConnectionEnabled: false, pageLoadStrategy: normal, platformName: WINDOWS, proxy: Proxy(), se:cdp: ws://localhost:58192/devtoo..., se:cdpVersion: 108.0.5359.126, setWindowRect: true, strictFileInteractability: false, timeouts: {implicit: 0, pageLoad: 300000, script: 30000}, unhandledPromptBehavior: dismiss and notify, webauthn:extension:credBlob: true, webauthn:extension:largeBlob: true, webauthn:virtualAuthenticators: true}&#10;Element: [[ChromeDriver: chrome on WINDOWS (a9d45d690fa0c0314240f65cf525e137)] -&gt; xpath: //span[@title=&apos;Vistara&apos;]/ancestor::label]&#10;Session ID: a9d45d690fa0c0314240f65cf525e137" type="org.openqa.selenium.ElementClickInterceptedException"><![CDATA[org.openqa.selenium.ElementClickInterceptedException: element click intercepted: Element <label class="makeFlex spaceBetween appendBottom12 pointer ">...</label> is not clickable at point (187, 349). Other element would receive the click: <p class="overlayBg"></p>
  (Session info: chrome=108.0.5359.126)
Build info: version: '4.3.0', revision: 'a4995e2c09*'
System info: host: 'DESKTOP-CU29AV1', ip: '192.168.137.1', os.name: 'Windows 10', os.arch: 'amd64', os.version: '10.0', java.version: '19.0.1'
Driver info: org.openqa.selenium.chrome.ChromeDriver
Command: [a9d45d690fa0c0314240f65cf525e137, clickElement {id=136fe275-d097-4c4d-a940-ba66b2ea9167}]
Capabilities {acceptInsecureCerts: false, browserName: chrome, browserVersion: 108.0.5359.126, chrome: {chromedriverVersion: 108.0.5359.71 (1e0e3868ee06..., userDataDir: C:\Users\HP\AppData\Local\T...}, goog:chromeOptions: {debuggerAddress: localhost:58192}, networkConnectionEnabled: false, pageLoadStrategy: normal, platformName: WINDOWS, proxy: Proxy(), se:cdp: ws://localhost:58192/devtoo..., se:cdpVersion: 108.0.5359.126, setWindowRect: true, strictFileInteractability: false, timeouts: {implicit: 0, pageLoad: 300000, script: 30000}, unhandledPromptBehavior: dismiss and notify, webauthn:extension:credBlob: true, webauthn:extension:largeBlob: true, webauthn:virtualAuthenticators: true}
Element: [[ChromeDriver: chrome on WINDOWS (a9d45d690fa0c0314240f65cf525e137)] -> xpath: //span[@title='Vistara']/ancestor::label]
Session ID: a9d45d690fa0c0314240f65cf525e137
	at java.base/jdk.internal.reflect.DirectConstructorHandleAccessor.newInstance(DirectConstructorHandleAccessor.java:67)
	at java.base/java.lang.reflect.Constructor.newInstanceWithCaller(Constructor.java:500)
	at java.base/java.lang.reflect.Constructor.newInstance(Constructor.java:484)
	at org.openqa.selenium.remote.codec.w3c.W3CHttpResponseCodec.createException(W3CHttpResponseCodec.java:200)
	at org.openqa.selenium.remote.codec.w3c.W3CHttpResponseCodec.decode(W3CHttpResponseCodec.java:133)
	at org.openqa.selenium.remote.codec.w3c.W3CHttpResponseCodec.decode(W3CHttpResponseCodec.java:53)
	at org.openqa.selenium.remote.HttpCommandExecutor.execute(HttpCommandExecutor.java:184)
	at org.openqa.selenium.remote.service.DriverCommandExecutor.invokeExecute(DriverCommandExecutor.java:167)
	at org.openqa.selenium.remote.service.DriverCommandExecutor.execute(DriverCommandExecutor.java:142)
	at org.openqa.selenium.remote.RemoteWebDriver.execute(RemoteWebDriver.java:569)
	at org.openqa.selenium.remote.RemoteWebElement.execute(RemoteWebElement.java:257)
	at org.openqa.selenium.remote.RemoteWebElement.click(RemoteWebElement.java:78)
	at com.skyscanner.seleniumutilities.SeleniumWebElements.clikOnElement(SeleniumWebElements.java:66)
	at com.skyscanner.pages.FlightsResultsPage.selectFlightName(FlightsResultsPage.java:29)
	at com.skyscanner.stepDefinitions.Bookflight.user_should_see_the_flight_result_page_and_select_flight_filter(Bookflight.java:52)
	at ✽.user should see the flight result page and select flight filter "Vistara"(file:///D:/WorkSpace/CUCUMBERSKYSCANNER/Features/Bookflight.feature:46)
]]></error>
    <system-err><![CDATA[Starting ChromeDriver 108.0.5359.71 (1e0e3868ee06e91ad636a874420e3ca3ae3756ac-refs/branch-heads/5359@{#1016}) on port 63979
Only local connections are allowed.
Please see https://chromedriver.chromium.org/security-considerations for suggestions on keeping ChromeDriver safe.
ChromeDriver was started successfully.
Jan 15, 2023 9:58:10 PM org.openqa.selenium.remote.ProtocolHandshake createSession
INFO: Detected upstream dialect: W3C
Jan 15, 2023 9:58:10 PM org.openqa.selenium.devtools.CdpVersionFinder findNearestMatch
WARNING: Unable to find an exact match for CDP version 108, so returning the closest version found: a no-op implementation
Jan 15, 2023 9:58:10 PM org.openqa.selenium.devtools.CdpVersionFinder findNearestMatch
INFO: Unable to find CDP implementation matching 108.
Jan 15, 2023 9:58:10 PM org.openqa.selenium.chromium.ChromiumDriver lambda$new$3
WARNING: Unable to find version of CDP to use for . You may need to include a dependency on a specific version of the CDP using something similar to `org.seleniumhq.selenium:selenium-devtools-v86:4.3.0` where the version ("v86") matches the version of the chromium-based browser you're using and the version number of the artifact is the same as Selenium's.
]]></system-err>
  </testcase>
</testsuite>